c:\of_v0.9.3_vs_release\apps\myapps\kinectcolors\obj\debug\registration.obj
c:\of_v0.9.3_vs_release\apps\myapps\kinectcolors\obj\debug\loader.obj
c:\of_v0.9.3_vs_release\apps\myapps\kinectcolors\obj\debug\ofxcvimage.obj
c:\of_v0.9.3_vs_release\apps\myapps\kinectcolors\obj\debug\tilt.obj
c:\of_v0.9.3_vs_release\apps\myapps\kinectcolors\obj\debug\keep_alive.obj
c:\of_v0.9.3_vs_release\apps\myapps\kinectcolors\obj\debug\libusbemu.obj
c:\of_v0.9.3_vs_release\apps\myapps\kinectcolors\obj\debug\ofxcvhaarfinder.obj
c:\of_v0.9.3_vs_release\apps\myapps\kinectcolors\obj\debug\ofxkinectextras.obj
c:\of_v0.9.3_vs_release\apps\myapps\kinectcolors\obj\debug\core.obj
c:\of_v0.9.3_vs_release\apps\myapps\kinectcolors\obj\debug\ofxcvshortimage.obj
c:\of_v0.9.3_vs_release\apps\myapps\kinectcolors\obj\debug\ofxkinect.obj
c:\of_v0.9.3_vs_release\apps\myapps\kinectcolors\obj\debug\ofxcvcolorimage.obj
c:\of_v0.9.3_vs_release\apps\myapps\kinectcolors\obj\debug\audio.obj
c:\of_v0.9.3_vs_release\apps\myapps\kinectcolors\obj\debug\usb_libusb10.obj
c:\of_v0.9.3_vs_release\apps\myapps\kinectcolors\obj\debug\failguard.obj
c:\of_v0.9.3_vs_release\apps\myapps\kinectcolors\obj\debug\ofxcvfloatimage.obj
c:\of_v0.9.3_vs_release\apps\myapps\kinectcolors\obj\debug\ofapp.obj
c:\of_v0.9.3_vs_release\apps\myapps\kinectcolors\obj\debug\flags.obj
c:\of_v0.9.3_vs_release\apps\myapps\kinectcolors\obj\debug\cameras.obj
c:\of_v0.9.3_vs_release\apps\myapps\kinectcolors\obj\debug\ofxcvgrayscaleimage.obj
c:\of_v0.9.3_vs_release\apps\myapps\kinectcolors\obj\debug\main.obj
c:\of_v0.9.3_vs_release\apps\myapps\kinectcolors\obj\debug\ofxcvcontourfinder.obj
c:\of_v0.9.3_vs_release\apps\myapps\kinectcolors\obj\debug\vc140.pdb
c:\of_v0.9.3_vs_release\apps\myapps\kinectcolors\bin\kinectexample_debug.lib
c:\of_v0.9.3_vs_release\apps\myapps\kinectcolors\bin\kinectexample_debug.exp
c:\of_v0.9.3_vs_release\apps\myapps\kinectcolors\bin\kinectexample_debug.ilk
c:\of_v0.9.3_vs_release\apps\myapps\kinectcolors\bin\kinectexample_debug.exe
c:\of_v0.9.3_vs_release\apps\myapps\kinectcolors\bin\kinectexample_debug.pdb
c:\of_v0.9.3_vs_release\apps\myapps\kinectcolors\obj\debug\icon.res
c:\of_v0.9.3_vs_release\apps\myapps\kinectcolors\obj\debug\kinectexample.vcxprojresolveassemblyreference.cache
c:\of_v0.9.3_vs_release\apps\myapps\kinectcolors\obj\debug\kinectexample.tlog\cl.10352.write.1.tlog
c:\of_v0.9.3_vs_release\apps\myapps\kinectcolors\obj\debug\kinectexample.tlog\cl.command.1.tlog
c:\of_v0.9.3_vs_release\apps\myapps\kinectcolors\obj\debug\kinectexample.tlog\cl.read.1.tlog
c:\of_v0.9.3_vs_release\apps\myapps\kinectcolors\obj\debug\kinectexample.tlog\kinectexample.write.1u.tlog
c:\of_v0.9.3_vs_release\apps\myapps\kinectcolors\obj\debug\kinectexample.tlog\link.command.1.tlog
c:\of_v0.9.3_vs_release\apps\myapps\kinectcolors\obj\debug\kinectexample.tlog\link.read.1.tlog
c:\of_v0.9.3_vs_release\apps\myapps\kinectcolors\obj\debug\kinectexample.tlog\link.write.1.tlog
c:\of_v0.9.3_vs_release\apps\myapps\kinectcolors\obj\debug\kinectexample.tlog\rc.command.1.tlog
c:\of_v0.9.3_vs_release\apps\myapps\kinectcolors\obj\debug\kinectexample.tlog\rc.read.1.tlog
c:\of_v0.9.3_vs_release\apps\myapps\kinectcolors\obj\debug\kinectexample.tlog\rc.write.1.tlog
