c:\of_v0.9.3_vs_release\apps\myapps\kinectcolors\obj\release\ofxkinectextras.obj
c:\of_v0.9.3_vs_release\apps\myapps\kinectcolors\obj\release\core.obj
c:\of_v0.9.3_vs_release\apps\myapps\kinectcolors\obj\release\ofxcvshortimage.obj
c:\of_v0.9.3_vs_release\apps\myapps\kinectcolors\obj\release\flags.obj
c:\of_v0.9.3_vs_release\apps\myapps\kinectcolors\obj\release\loader.obj
c:\of_v0.9.3_vs_release\apps\myapps\kinectcolors\obj\release\ofxcvimage.obj
c:\of_v0.9.3_vs_release\apps\myapps\kinectcolors\obj\release\registration.obj
c:\of_v0.9.3_vs_release\apps\myapps\kinectcolors\obj\release\cameras.obj
c:\of_v0.9.3_vs_release\apps\myapps\kinectcolors\obj\release\ofxcvgrayscaleimage.obj
c:\of_v0.9.3_vs_release\apps\myapps\kinectcolors\obj\release\ofapp.obj
c:\of_v0.9.3_vs_release\apps\myapps\kinectcolors\obj\release\main.obj
c:\of_v0.9.3_vs_release\apps\myapps\kinectcolors\obj\release\ofxcvcontourfinder.obj
c:\of_v0.9.3_vs_release\apps\myapps\kinectcolors\obj\release\tilt.obj
c:\of_v0.9.3_vs_release\apps\myapps\kinectcolors\obj\release\keep_alive.obj
c:\of_v0.9.3_vs_release\apps\myapps\kinectcolors\obj\release\libusbemu.obj
c:\of_v0.9.3_vs_release\apps\myapps\kinectcolors\obj\release\ofxcvhaarfinder.obj
c:\of_v0.9.3_vs_release\apps\myapps\kinectcolors\obj\release\ofxkinect.obj
c:\of_v0.9.3_vs_release\apps\myapps\kinectcolors\obj\release\ofxcvcolorimage.obj
c:\of_v0.9.3_vs_release\apps\myapps\kinectcolors\obj\release\audio.obj
c:\of_v0.9.3_vs_release\apps\myapps\kinectcolors\obj\release\usb_libusb10.obj
c:\of_v0.9.3_vs_release\apps\myapps\kinectcolors\obj\release\failguard.obj
c:\of_v0.9.3_vs_release\apps\myapps\kinectcolors\obj\release\ofxcvfloatimage.obj
c:\of_v0.9.3_vs_release\apps\myapps\kinectcolors\obj\release\vc140.pdb
c:\of_v0.9.3_vs_release\apps\myapps\kinectcolors\bin\kinectexample.lib
c:\of_v0.9.3_vs_release\apps\myapps\kinectcolors\bin\kinectexample.exp
c:\of_v0.9.3_vs_release\apps\myapps\kinectcolors\bin\kinectexample.exe
c:\of_v0.9.3_vs_release\apps\myapps\kinectcolors\obj\release\icon.res
c:\of_v0.9.3_vs_release\apps\myapps\kinectcolors\obj\release\kinectexample.tlog\cl.10052.write.1.tlog
c:\of_v0.9.3_vs_release\apps\myapps\kinectcolors\obj\release\kinectexample.tlog\cl.command.1.tlog
c:\of_v0.9.3_vs_release\apps\myapps\kinectcolors\obj\release\kinectexample.tlog\cl.read.1.tlog
c:\of_v0.9.3_vs_release\apps\myapps\kinectcolors\obj\release\kinectexample.tlog\kinectexample.write.1u.tlog
c:\of_v0.9.3_vs_release\apps\myapps\kinectcolors\obj\release\kinectexample.tlog\link.command.1.tlog
c:\of_v0.9.3_vs_release\apps\myapps\kinectcolors\obj\release\kinectexample.tlog\link.read.1.tlog
c:\of_v0.9.3_vs_release\apps\myapps\kinectcolors\obj\release\kinectexample.tlog\link.write.1.tlog
c:\of_v0.9.3_vs_release\apps\myapps\kinectcolors\obj\release\kinectexample.tlog\rc.command.1.tlog
c:\of_v0.9.3_vs_release\apps\myapps\kinectcolors\obj\release\kinectexample.tlog\rc.read.1.tlog
c:\of_v0.9.3_vs_release\apps\myapps\kinectcolors\obj\release\kinectexample.tlog\rc.write.1.tlog
